<?xml version="1.0" encoding="UTF-8"?>
<robot generator="Robot 3.2.1 (Python 3.8.3 on win32)" generated="20200624 12:18:50.776" rpa="false">
<suite id="s1" name="Testsuite1" source="C:\Users\monis\eclipse-workspace\Robot1\test\testsuite1.robot">
<kw name="Log" library="BuiltIn" type="setup">
<doc>Logs the given message with the given level.</doc>
<arguments>
<arg>I am inside Test Suite Setup</arg>
</arguments>
<msg timestamp="20200624 12:18:50.808" level="INFO">I am inside Test Suite Setup</msg>
<status status="PASS" starttime="20200624 12:18:50.807" endtime="20200624 12:18:50.808"></status>
</kw>
<test id="s1-t1" name="MyFirstTest">
<kw name="Log" library="BuiltIn" type="setup">
<doc>Logs the given message with the given level.</doc>
<arguments>
<arg>I am inside Test Setup</arg>
</arguments>
<msg timestamp="20200624 12:18:50.810" level="INFO">I am inside Test Setup</msg>
<status status="PASS" starttime="20200624 12:18:50.809" endtime="20200624 12:18:50.810"></status>
</kw>
<kw name="Log" library="BuiltIn">
<doc>Logs the given message with the given level.</doc>
<arguments>
<arg>${TEST NAME}</arg>
</arguments>
<msg timestamp="20200624 12:18:50.811" level="INFO">MyFirstTest</msg>
<status status="PASS" starttime="20200624 12:18:50.810" endtime="20200624 12:18:50.811"></status>
</kw>
<kw name="LogPrint">
<kw name="Log" library="BuiltIn">
<doc>Logs the given message with the given level.</doc>
<arguments>
<arg>${str1}@{list1}[0]</arg>
</arguments>
<msg timestamp="20200624 12:18:50.812" level="WARN">Accessing variable items using '@{list1}[0]' syntax is deprecated. Use '${list1}[0]' instead.</msg>
<msg timestamp="20200624 12:18:50.813" level="INFO">Hello World...1</msg>
<status status="PASS" starttime="20200624 12:18:50.812" endtime="20200624 12:18:50.813"></status>
</kw>
<kw name="Log" library="BuiltIn">
<doc>Logs the given message with the given level.</doc>
<arguments>
<arg>&amp;{dict1}[name]</arg>
</arguments>
<msg timestamp="20200624 12:18:50.813" level="WARN">Accessing variable items using '&amp;{dict1}[name]' syntax is deprecated. Use '${dict1}[name]' instead.</msg>
<msg timestamp="20200624 12:18:50.815" level="INFO">moni</msg>
<status status="PASS" starttime="20200624 12:18:50.813" endtime="20200624 12:18:50.815"></status>
</kw>
<kw name="Log" library="BuiltIn">
<doc>Logs the given message with the given level.</doc>
<arguments>
<arg>%{username}</arg>
</arguments>
<msg timestamp="20200624 12:18:50.816" level="INFO">monis</msg>
<status status="PASS" starttime="20200624 12:18:50.816" endtime="20200624 12:18:50.817"></status>
</kw>
<status status="PASS" starttime="20200624 12:18:50.811" endtime="20200624 12:18:50.817"></status>
</kw>
<kw name="Log Many" library="BuiltIn" type="teardown">
<doc>Logs the given messages as separate entries using the INFO level.</doc>
<arguments>
<arg>I am inside Test Cleanup</arg>
<arg>Also good</arg>
</arguments>
<msg timestamp="20200624 12:18:50.817" level="INFO">I am inside Test Cleanup</msg>
<msg timestamp="20200624 12:18:50.817" level="INFO">Also good</msg>
<status status="PASS" starttime="20200624 12:18:50.817" endtime="20200624 12:18:50.817"></status>
</kw>
<tags>
<tag>smoke</tag>
</tags>
<status status="PASS" starttime="20200624 12:18:50.808" endtime="20200624 12:18:50.818" critical="yes"></status>
</test>
<test id="s1-t2" name="MySecTest">
<kw name="Log" library="BuiltIn" type="setup">
<doc>Logs the given message with the given level.</doc>
<arguments>
<arg>I am inside Test Setup</arg>
</arguments>
<msg timestamp="20200624 12:18:50.819" level="INFO">I am inside Test Setup</msg>
<status status="PASS" starttime="20200624 12:18:50.819" endtime="20200624 12:18:50.819"></status>
</kw>
<kw name="Log" library="BuiltIn">
<doc>Logs the given message with the given level.</doc>
<arguments>
<arg>${TEST NAME}</arg>
</arguments>
<msg timestamp="20200624 12:18:50.820" level="INFO">MySecTest</msg>
<status status="PASS" starttime="20200624 12:18:50.820" endtime="20200624 12:18:50.820"></status>
</kw>
<kw name="Set Tags" library="BuiltIn">
<doc>Adds given ``tags`` for the current test or all tests in a suite.</doc>
<arguments>
<arg>regression</arg>
</arguments>
<msg timestamp="20200624 12:18:50.821" level="INFO">Set tag 'regression'.</msg>
<status status="PASS" starttime="20200624 12:18:50.820" endtime="20200624 12:18:50.821"></status>
</kw>
<kw name="Log Many" library="BuiltIn" type="teardown">
<doc>Logs the given messages as separate entries using the INFO level.</doc>
<arguments>
<arg>I am inside Test Cleanup</arg>
<arg>Also good</arg>
</arguments>
<msg timestamp="20200624 12:18:50.821" level="INFO">I am inside Test Cleanup</msg>
<msg timestamp="20200624 12:18:50.821" level="INFO">Also good</msg>
<status status="PASS" starttime="20200624 12:18:50.821" endtime="20200624 12:18:50.821"></status>
</kw>
<tags>
<tag>regression</tag>
<tag>sanity</tag>
</tags>
<status status="PASS" starttime="20200624 12:18:50.819" endtime="20200624 12:18:50.822" critical="yes"></status>
</test>
<test id="s1-t3" name="MyThirdTest">
<kw name="Log" library="BuiltIn" type="setup">
<doc>Logs the given message with the given level.</doc>
<arguments>
<arg>I am inside Test Setup</arg>
</arguments>
<msg timestamp="20200624 12:18:50.823" level="INFO">I am inside Test Setup</msg>
<status status="PASS" starttime="20200624 12:18:50.823" endtime="20200624 12:18:50.823"></status>
</kw>
<kw name="Log" library="BuiltIn">
<doc>Logs the given message with the given level.</doc>
<arguments>
<arg>${TEST NAME}</arg>
</arguments>
<msg timestamp="20200624 12:18:50.823" level="INFO">MyThirdTest</msg>
<status status="PASS" starttime="20200624 12:18:50.823" endtime="20200624 12:18:50.823"></status>
</kw>
<kw name="Log Many" library="BuiltIn" type="teardown">
<doc>Logs the given messages as separate entries using the INFO level.</doc>
<arguments>
<arg>I am inside Test Cleanup</arg>
<arg>Also good</arg>
</arguments>
<msg timestamp="20200624 12:18:50.824" level="INFO">I am inside Test Cleanup</msg>
<msg timestamp="20200624 12:18:50.824" level="INFO">Also good</msg>
<status status="PASS" starttime="20200624 12:18:50.824" endtime="20200624 12:18:50.824"></status>
</kw>
<tags>
<tag>sanity</tag>
</tags>
<status status="PASS" starttime="20200624 12:18:50.822" endtime="20200624 12:18:50.824" critical="yes"></status>
</test>
<kw name="Log" library="BuiltIn" type="teardown">
<doc>Logs the given message with the given level.</doc>
<arguments>
<arg>I am inside Test Suite Teardown</arg>
</arguments>
<msg timestamp="20200624 12:18:50.825" level="INFO">I am inside Test Suite Teardown</msg>
<status status="PASS" starttime="20200624 12:18:50.825" endtime="20200624 12:18:50.825"></status>
</kw>
<status status="PASS" starttime="20200624 12:18:50.778" endtime="20200624 12:18:50.825"></status>
</suite>
<statistics>
<total>
<stat pass="3" fail="0">Critical Tests</stat>
<stat pass="3" fail="0">All Tests</stat>
</total>
<tag>
<stat pass="1" fail="0">regression</stat>
<stat pass="2" fail="0">sanity</stat>
<stat pass="1" fail="0">smoke</stat>
</tag>
<suite>
<stat pass="3" fail="0" id="s1" name="Testsuite1">Testsuite1</stat>
</suite>
</statistics>
<errors>
<msg timestamp="20200624 12:18:50.812" level="WARN">Accessing variable items using '@{list1}[0]' syntax is deprecated. Use '${list1}[0]' instead.</msg>
<msg timestamp="20200624 12:18:50.813" level="WARN">Accessing variable items using '&amp;{dict1}[name]' syntax is deprecated. Use '${dict1}[name]' instead.</msg>
</errors>
</robot>
